2026-02-18 11:47:50 - INFO - Iniciando validação de credenciais...
2026-02-18 11:47:50 - INFO - ✓ Todas as credenciais validadas
2026-02-18 11:47:50 - INFO - Iniciando WebDriver Chrome...
2026-02-18 11:48:00 - INFO - 📁 Pasta da coleta criada: dados\coleta_20260218_114800
2026-02-18 11:48:00 - INFO - 
============================================================
2026-02-18 11:48:00 - INFO - VÍDEO 1/2
2026-02-18 11:48:00 - INFO - ============================================================
2026-02-18 11:48:00 - INFO - Video ID: RGOZG-sGnXk
2026-02-18 11:48:00 - INFO - Buscando informações do vídeo...
2026-02-18 11:48:00 - INFO - ✓ Informações do vídeo obtidas
2026-02-18 11:48:00 - INFO - Buscando comentários e respostas...
2026-02-18 11:48:00 - INFO - ✓ 5 comentários coletados
2026-02-18 11:48:00 - INFO - ✓ 5 respostas coletadas
2026-02-18 11:48:00 - INFO - Buscando transcrição...
2026-02-18 11:48:01 - INFO - ✓ Transcrição obtida (433 caracteres)
2026-02-18 11:48:01 - INFO - Salvando dados coletados...
2026-02-18 11:48:01 - INFO - ✓ Dados salvos com sucesso
2026-02-18 11:48:01 - INFO - Navegando para próximo vídeo...
2026-02-18 11:48:04 - INFO - 
============================================================
2026-02-18 11:48:04 - INFO - VÍDEO 2/2
2026-02-18 11:48:04 - INFO - ============================================================
2026-02-18 11:48:04 - INFO - Video ID: XwP5jNIsJTI
2026-02-18 11:48:04 - INFO - Buscando informações do vídeo...
2026-02-18 11:48:04 - INFO - ✓ Informações do vídeo obtidas
2026-02-18 11:48:04 - INFO - Buscando comentários e respostas...
2026-02-18 11:48:04 - INFO - ✓ 0 comentários coletados
2026-02-18 11:48:04 - INFO - ✓ 0 respostas coletadas
2026-02-18 11:48:04 - INFO - Buscando transcrição...
2026-02-18 11:48:05 - INFO - ✓ Transcrição obtida (577 caracteres)
2026-02-18 11:48:05 - INFO - Salvando dados coletados...
2026-02-18 11:48:05 - INFO - ✓ Dados salvos com sucesso
2026-02-18 11:48:05 - INFO - Navegando para próximo vídeo...
2026-02-18 11:48:08 - INFO - 
============================================================
2026-02-18 11:48:08 - INFO - RESUMO DA COLETA
2026-02-18 11:48:08 - INFO - ============================================================
2026-02-18 11:48:08 - INFO - ✓ Vídeos coletados com sucesso: 2
2026-02-18 11:48:08 - INFO - ❌ Vídeos com erro: 0
2026-02-18 11:48:08 - INFO - 📝 Total de comentários: 5
2026-02-18 11:48:08 - INFO - 💬 Total de respostas: 5
2026-02-18 11:48:08 - INFO - ⏱️  Tempo total: 0:00:17.548147
2026-02-18 11:48:08 - INFO - 📁 Dados salvos em: dados\coleta_20260218_114800
2026-02-18 11:48:08 - INFO - ✓ Coleta finalizada com sucesso!
2026-02-18 11:48:08 - INFO - Fechando WebDriver...
