2026-02-18 10:37:45 - INFO - Iniciando validação de credenciais...
2026-02-18 10:37:45 - INFO - ✓ Todas as credenciais validadas
2026-02-18 10:37:45 - INFO - Iniciando WebDriver Chrome...
2026-02-18 10:37:55 - INFO - 📁 Pasta da coleta criada: dados\coleta_20260218_103755
2026-02-18 10:37:55 - INFO - 
============================================================
2026-02-18 10:37:55 - INFO - VÍDEO 1/2
2026-02-18 10:37:55 - INFO - ============================================================
2026-02-18 10:37:55 - INFO - Video ID: 5jLzZyowLEQ
2026-02-18 10:37:55 - INFO - Buscando informações do vídeo...
2026-02-18 10:37:55 - INFO - ✓ Informações do vídeo obtidas
2026-02-18 10:37:55 - INFO - Buscando comentários e respostas...
2026-02-18 10:37:56 - INFO - ✓ 72 comentários coletados
2026-02-18 10:37:56 - INFO - ✓ 17 respostas coletadas
2026-02-18 10:37:56 - INFO - Buscando transcrição...
2026-02-18 10:37:57 - INFO - ✓ Transcrição obtida (331 caracteres)
2026-02-18 10:37:57 - INFO - Salvando dados coletados...
2026-02-18 10:37:57 - INFO - ✓ Dados salvos com sucesso
2026-02-18 10:37:57 - INFO - Navegando para próximo vídeo...
2026-02-18 10:37:59 - INFO - 
============================================================
2026-02-18 10:37:59 - INFO - VÍDEO 2/2
2026-02-18 10:37:59 - INFO - ============================================================
2026-02-18 10:37:59 - INFO - Video ID: nguENGCdzTQ
2026-02-18 10:37:59 - INFO - Buscando informações do vídeo...
2026-02-18 10:37:59 - INFO - ✓ Informações do vídeo obtidas
2026-02-18 10:37:59 - INFO - Buscando comentários e respostas...
2026-02-18 10:38:00 - INFO - ✓ 18 comentários coletados
2026-02-18 10:38:00 - INFO - ✓ 1 respostas coletadas
2026-02-18 10:38:00 - INFO - Buscando transcrição...
2026-02-18 10:38:00 - INFO - ✓ Transcrição obtida (461 caracteres)
2026-02-18 10:38:00 - INFO - Salvando dados coletados...
2026-02-18 10:38:00 - INFO - ✓ Dados salvos com sucesso
2026-02-18 10:38:00 - INFO - Navegando para próximo vídeo...
2026-02-18 10:38:03 - INFO - 
============================================================
2026-02-18 10:38:03 - INFO - RESUMO DA COLETA
2026-02-18 10:38:03 - INFO - ============================================================
2026-02-18 10:38:03 - INFO - ✓ Vídeos coletados com sucesso: 2
2026-02-18 10:38:03 - INFO - ❌ Vídeos com erro: 0
2026-02-18 10:38:03 - INFO - 📝 Total de comentários: 90
2026-02-18 10:38:03 - INFO - 💬 Total de respostas: 18
2026-02-18 10:38:03 - INFO - ⏱️  Tempo total: 0:00:18.159489
2026-02-18 10:38:03 - INFO - 📁 Dados salvos em: dados\coleta_20260218_103755
2026-02-18 10:38:03 - INFO - ✓ Coleta finalizada com sucesso!
2026-02-18 10:38:03 - INFO - Fechando WebDriver...
