2026-02-16 13:27:14 - INFO - Iniciando validação de credenciais...
2026-02-16 13:27:14 - INFO - ✓ Todas as credenciais validadas
2026-02-16 13:27:14 - INFO - Iniciando WebDriver Chrome...
2026-02-16 13:27:24 - INFO - 📁 Pasta da coleta criada: dados\coleta_20260216_132724
2026-02-16 13:27:24 - INFO - 
============================================================
2026-02-16 13:27:24 - INFO - VÍDEO 1/2
2026-02-16 13:27:24 - INFO - ============================================================
2026-02-16 13:27:24 - INFO - Video ID: jQCu0c81Olo
2026-02-16 13:27:24 - INFO - Buscando informações do vídeo...
2026-02-16 13:27:25 - INFO - ✓ Informações do vídeo obtidas
2026-02-16 13:27:25 - INFO - Buscando comentários e respostas...
2026-02-16 13:27:25 - INFO - ✓ 1 comentários coletados
2026-02-16 13:27:25 - INFO - ✓ 0 respostas coletadas
2026-02-16 13:27:25 - INFO - Buscando transcrição...
2026-02-16 13:27:26 - INFO - ✓ Transcrição obtida (1215 caracteres)
2026-02-16 13:27:26 - INFO - Salvando dados coletados...
2026-02-16 13:27:26 - INFO - ✓ Dados salvos com sucesso
2026-02-16 13:27:26 - INFO - Iniciando download do vídeo...
2026-02-16 13:27:27 - INFO - ✓ Download concluído
2026-02-16 13:27:27 - INFO - Navegando para próximo vídeo...
2026-02-16 13:27:29 - INFO - 
============================================================
2026-02-16 13:27:29 - INFO - VÍDEO 2/2
2026-02-16 13:27:29 - INFO - ============================================================
2026-02-16 13:27:29 - INFO - Video ID: Y_i-pOIiE1E
2026-02-16 13:27:29 - INFO - Buscando informações do vídeo...
2026-02-16 13:27:29 - INFO - ✓ Informações do vídeo obtidas
2026-02-16 13:27:29 - INFO - Buscando comentários e respostas...
2026-02-16 13:27:30 - INFO - ✓ 7 comentários coletados
2026-02-16 13:27:30 - INFO - ✓ 0 respostas coletadas
2026-02-16 13:27:30 - INFO - Buscando transcrição...
2026-02-16 13:27:31 - INFO - ✓ Transcrição obtida (974 caracteres)
2026-02-16 13:27:31 - INFO - Salvando dados coletados...
2026-02-16 13:27:31 - INFO - ✓ Dados salvos com sucesso
2026-02-16 13:27:31 - INFO - Iniciando download do vídeo...
2026-02-16 13:27:34 - INFO - ✓ Download concluído
2026-02-16 13:27:34 - INFO - Navegando para próximo vídeo...
2026-02-16 13:27:36 - INFO - 
============================================================
2026-02-16 13:27:36 - INFO - RESUMO DA COLETA
2026-02-16 13:27:36 - INFO - ============================================================
2026-02-16 13:27:36 - INFO - ✓ Vídeos coletados com sucesso: 2
2026-02-16 13:27:36 - INFO - ❌ Vídeos com erro: 0
2026-02-16 13:27:36 - INFO - 📝 Total de comentários: 8
2026-02-16 13:27:36 - INFO - 💬 Total de respostas: 0
2026-02-16 13:27:36 - INFO - ⏱️  Tempo total: 0:00:21.852482
2026-02-16 13:27:36 - INFO - 📁 Dados salvos em: dados\coleta_20260216_132724
2026-02-16 13:27:36 - INFO - ✓ Coleta finalizada com sucesso!
2026-02-16 13:27:36 - INFO - Fechando WebDriver...
