2026-02-19 17:17:25 - INFO - Iniciando validação de credenciais...
2026-02-19 17:17:25 - INFO - ✓ Todas as credenciais validadas
2026-02-19 17:17:25 - INFO - Iniciando WebDriver Chrome...
2026-02-19 17:17:48 - INFO - 📁 Pasta da coleta criada: dados\coleta_20260219_171748
2026-02-19 17:17:48 - INFO - 
============================================================
2026-02-19 17:17:48 - INFO - VÍDEO 1/2
2026-02-19 17:17:48 - INFO - ============================================================
2026-02-19 17:17:48 - INFO - Video ID: 2XujsPyGS6g
2026-02-19 17:17:48 - INFO - Buscando informações do vídeo...
2026-02-19 17:17:55 - INFO - ✓ Informações do vídeo obtidas
2026-02-19 17:17:55 - INFO - Buscando comentários e respostas...
2026-02-19 17:17:55 - INFO - ✓ 17 comentários coletados
2026-02-19 17:17:55 - INFO - ✓ 11 respostas coletadas
2026-02-19 17:17:55 - INFO - Buscando transcrição...
2026-02-19 17:17:56 - INFO - ✓ Transcrição obtida (832 caracteres)
2026-02-19 17:17:56 - INFO - Salvando dados coletados...
2026-02-19 17:17:56 - INFO - ✓ Dados salvos com sucesso
2026-02-19 17:17:56 - INFO - Navegando para próximo vídeo...
2026-02-19 17:17:59 - INFO - 
============================================================
2026-02-19 17:17:59 - INFO - VÍDEO 2/2
2026-02-19 17:17:59 - INFO - ============================================================
2026-02-19 17:17:59 - INFO - Video ID: xtVNM8wwFtY
2026-02-19 17:17:59 - INFO - Buscando informações do vídeo...
2026-02-19 17:17:59 - INFO - ✓ Informações do vídeo obtidas
2026-02-19 17:17:59 - INFO - Buscando comentários e respostas...
2026-02-19 17:17:59 - INFO - ✓ 3 comentários coletados
2026-02-19 17:17:59 - INFO - ✓ 0 respostas coletadas
2026-02-19 17:17:59 - INFO - Buscando transcrição...
2026-02-19 17:18:00 - INFO - ✓ Transcrição obtida (1542 caracteres)
2026-02-19 17:18:00 - INFO - Salvando dados coletados...
2026-02-19 17:18:02 - INFO - ✓ Dados salvos com sucesso
2026-02-19 17:18:02 - INFO - Navegando para próximo vídeo...
2026-02-19 17:18:05 - INFO - 
============================================================
2026-02-19 17:18:05 - INFO - RESUMO DA COLETA
2026-02-19 17:18:05 - INFO - ============================================================
2026-02-19 17:18:05 - INFO - ✓ Vídeos coletados com sucesso: 2
2026-02-19 17:18:05 - INFO - ❌ Vídeos com erro: 0
2026-02-19 17:18:05 - INFO - 📝 Total de comentários: 20
2026-02-19 17:18:05 - INFO - 💬 Total de respostas: 11
2026-02-19 17:18:05 - INFO - ⏱️  Tempo total: 0:00:39.882279
2026-02-19 17:18:05 - INFO - 📁 Dados salvos em: dados\coleta_20260219_171748
2026-02-19 17:18:05 - INFO - ✓ Coleta finalizada com sucesso!
2026-02-19 17:18:05 - INFO - Fechando WebDriver...
