2026-02-18 16:12:50 - INFO - Iniciando validação de credenciais...
2026-02-18 16:12:50 - INFO - ✓ Todas as credenciais validadas
2026-02-18 16:12:50 - INFO - Iniciando WebDriver Chrome...
2026-02-18 16:13:01 - INFO - 📁 Pasta da coleta criada: dados\coleta_20260218_161301
2026-02-18 16:13:01 - INFO - 
============================================================
2026-02-18 16:13:01 - INFO - VÍDEO 1/2
2026-02-18 16:13:01 - INFO - ============================================================
2026-02-18 16:13:01 - INFO - Video ID: h7yMXiV7FFc
2026-02-18 16:13:01 - INFO - Buscando informações do vídeo...
2026-02-18 16:13:01 - INFO - ✓ Informações do vídeo obtidas
2026-02-18 16:13:01 - INFO - Buscando comentários e respostas...
2026-02-18 16:13:01 - INFO - ✓ 1 comentários coletados
2026-02-18 16:13:01 - INFO - ✓ 0 respostas coletadas
2026-02-18 16:13:01 - INFO - Buscando transcrição...
2026-02-18 16:13:02 - INFO - ✓ Transcrição obtida (926 caracteres)
2026-02-18 16:13:02 - INFO - Salvando dados coletados...
2026-02-18 16:13:02 - INFO - ✓ Dados salvos com sucesso
2026-02-18 16:13:02 - INFO - Navegando para próximo vídeo...
2026-02-18 16:13:05 - INFO - 
============================================================
2026-02-18 16:13:05 - INFO - VÍDEO 2/2
2026-02-18 16:13:05 - INFO - ============================================================
2026-02-18 16:13:05 - INFO - Video ID: k-p0l5aRX3w
2026-02-18 16:13:05 - INFO - Buscando informações do vídeo...
2026-02-18 16:13:05 - INFO - ✓ Informações do vídeo obtidas
2026-02-18 16:13:05 - INFO - Buscando comentários e respostas...
2026-02-18 16:13:05 - INFO - ✓ 23 comentários coletados
2026-02-18 16:13:05 - INFO - ✓ 1 respostas coletadas
2026-02-18 16:13:05 - INFO - Buscando transcrição...
2026-02-18 16:13:06 - INFO - ✓ Transcrição obtida (591 caracteres)
2026-02-18 16:13:06 - INFO - Salvando dados coletados...
2026-02-18 16:13:06 - INFO - ✓ Dados salvos com sucesso
2026-02-18 16:13:06 - INFO - Navegando para próximo vídeo...
2026-02-18 16:13:09 - INFO - 
============================================================
2026-02-18 16:13:09 - INFO - RESUMO DA COLETA
2026-02-18 16:13:09 - INFO - ============================================================
2026-02-18 16:13:09 - INFO - ✓ Vídeos coletados com sucesso: 2
2026-02-18 16:13:09 - INFO - ❌ Vídeos com erro: 0
2026-02-18 16:13:09 - INFO - 📝 Total de comentários: 24
2026-02-18 16:13:09 - INFO - 💬 Total de respostas: 1
2026-02-18 16:13:09 - INFO - ⏱️  Tempo total: 0:00:18.986537
2026-02-18 16:13:09 - INFO - 📁 Dados salvos em: dados\coleta_20260218_161301
2026-02-18 16:13:09 - INFO - ✓ Coleta finalizada com sucesso!
2026-02-18 16:13:09 - INFO - Fechando WebDriver...
